<?xml version="1.0" encoding="UTF-8"?>
<!-- Generated by org.testng.reporters.JUnitReportReporter -->
<testsuite hostname="Aevi" failures="0" tests="1" name="TestCases.TC_001_Logout" time="6.268" errors="0" timestamp="2025-05-24T10:03:05 IST" skipped="0">
  <testcase classname="TestCases.TC_001_Logout" name="performLogout" time="6.268"/>
  <system-out/>
</testsuite> <!-- TestCases.TC_001_Logout -->
