<?xml version="1.0" encoding="UTF-8"?>
<!-- Generated by org.testng.reporters.JUnitReportReporter -->
<testsuite hostname="Aevi" failures="0" tests="1" name="BaseCase" time="20.336" errors="0" timestamp="2025-05-15T00:38:11 IST" skipped="0">
  <testcase classname="BaseCase" name="firstTest" time="20.336"/>
  <system-out/>
</testsuite> <!-- BaseCase -->
