<?xml version="1.0" encoding="UTF-8"?>
<!-- Generated by org.testng.reporters.JUnitReportReporter -->
<testsuite hostname="Aevi" failures="0" tests="1" name="TestCases.TC_002_Correct_Login" time="6.196" errors="0" timestamp="2025-05-18T22:27:29 IST" skipped="0">
  <testcase classname="TestCases.TC_002_Correct_Login" name="login" time="6.196"/>
  <system-out/>
</testsuite> <!-- TestCases.TC_002_Correct_Login -->
