<?xml version="1.0" encoding="UTF-8"?>
<!-- Generated by org.testng.reporters.JUnitReportReporter -->
<testsuite hostname="Aevi" failures="0" tests="1" name="TestCases.TC_005_Verify_TestCase_Page" time="3.434" errors="0" timestamp="2025-05-27T01:24:05 IST" skipped="0">
  <testcase classname="TestCases.TC_005_Verify_TestCase_Page" name="testCount" time="3.434"/>
  <system-out/>
</testsuite> <!-- TestCases.TC_005_Verify_TestCase_Page -->
