<?xml version="1.0" encoding="UTF-8"?>
<!-- Generated by org.testng.reporters.JUnitReportReporter -->
<testsuite hostname="Aevi" failures="0" tests="1" name="TestCases.TC_006_Verify_All_Products" time="3.564" errors="0" timestamp="2025-06-02T23:54:26 IST" skipped="0">
  <testcase classname="TestCases.TC_006_Verify_All_Products" name="allProducts" time="3.564"/>
  <system-out/>
</testsuite> <!-- TestCases.TC_006_Verify_All_Products -->
