<?xml version="1.0" encoding="UTF-8"?>
<!-- Generated by org.testng.reporters.JUnitReportReporter -->
<testsuite hostname="Aevi" failures="0" tests="1" name="TestCases.TC_004_Contact_Us_Form" time="1.355" errors="0" timestamp="2025-05-25T21:49:37 IST" skipped="0">
  <testcase classname="TestCases.TC_004_Contact_Us_Form" name="openContactUs" time="1.355"/>
  <system-out/>
</testsuite> <!-- TestCases.TC_004_Contact_Us_Form -->
