<?xml version="1.0" encoding="UTF-8"?>
<!-- Generated by org.testng.reporters.JUnitReportReporter -->
<testsuite hostname="Aevi" failures="0" tests="1" name="TestCases.TC_007_Search_Product" time="9.411" errors="0" timestamp="2025-06-03T00:30:18 IST" skipped="0">
  <testcase classname="TestCases.TC_007_Search_Product" name="searchProduct" time="9.411"/>
  <system-out/>
</testsuite> <!-- TestCases.TC_007_Search_Product -->
