<?xml version="1.0" encoding="UTF-8"?>
<!-- Generated by org.testng.reporters.JUnitReportReporter -->
<testsuite hostname="Aevi" failures="0" tests="1" name="TestCases.TC_003_Existing_Mail_SignUp" time="5.072" errors="0" timestamp="2025-05-24T10:31:33 IST" skipped="0">
  <testcase classname="TestCases.TC_003_Existing_Mail_SignUp" name="ExistingMailSignUp" time="5.072"/>
  <system-out/>
</testsuite> <!-- TestCases.TC_003_Existing_Mail_SignUp -->
